03:21:23 **** Incremental Build of configuration Debug for project pruebaTp3 ****
Info: Internal Builder is used for build
gcc -O0 -g3 -Wall -c -fmessage-length=0 -o Employee.o "..\\Employee.c" 
gcc -O0 -g3 -Wall -c -fmessage-length=0 -o Controller.o "..\\Controller.c" 
gcc -O0 -g3 -Wall -c -fmessage-length=0 -o parser.o "..\\parser.c" 
gcc -O0 -g3 -Wall -c -fmessage-length=0 -o main.o "..\\main.c" 
gcc "-LC:\\Users\\pocho\\Desktop\\TRABAJOS_UTN\\tp_laboratorio_1\\utn-tp3\\tp3_windows" -o pruebaTp3.exe Controller.o Employee.o main.o parser.o utn.o validation.o -lLinkedList 
03:24:48 **** Incremental Build of configuration Debug for project pruebaTp3 ****
Info: Internal Builder is used for build
gcc -O0 -g3 -Wall -c -fmessage-length=0 -o main.o "..\\main.c" 
gcc "-LC:\\Users\\pocho\\Desktop\\TRABAJOS_UTN\\tp_laboratorio_1\\utn-tp3\\tp3_windows" -o pruebaTp3.exe Controller.o Employee.o main.o parser.o utn.o validation.o -lLinkedList 
03:25:15 **** Incremental Build of configuration Debug for project pruebaTp3 ****
Info: Internal Builder is used for build
gcc -O0 -g3 -Wall -c -fmessage-length=0 -o main.o "..\\main.c" 
gcc "-LC:\\Users\\pocho\\Desktop\\TRABAJOS_UTN\\tp_laboratorio_1\\utn-tp3\\tp3_windows" -o pruebaTp3.exe Controller.o Employee.o main.o parser.o utn.o validation.o -lLinkedList 
c:/mingw/bin/../lib/gcc/mingw32/9.2.0/../../../../mingw32/bin/ld.exe: cannot open output file pruebaTp3.exe: Permission denied
collect2.exe: error: ld returned 1 exit status
03:25:18 **** Incremental Build of configuration Debug for project pruebaTp3 ****
Info: Internal Builder is used for build
gcc "-LC:\\Users\\pocho\\Desktop\\TRABAJOS_UTN\\tp_laboratorio_1\\utn-tp3\\tp3_windows" -o pruebaTp3.exe Controller.o Employee.o main.o parser.o utn.o validation.o -lLinkedList 
03:26:20 **** Incremental Build of configuration Debug for project pruebaTp3 ****
Info: Internal Builder is used for build
gcc -O0 -g3 -Wall -c -fmessage-length=0 -o Controller.o "..\\Controller.c" 
gcc "-LC:\\Users\\pocho\\Desktop\\TRABAJOS_UTN\\tp_laboratorio_1\\utn-tp3\\tp3_windows" -o pruebaTp3.exe Controller.o Employee.o main.o parser.o utn.o validation.o -lLinkedList 
03:26:54 **** Incremental Build of configuration Debug for project pruebaTp3 ****
Info: Internal Builder is used for build
gcc -O0 -g3 -Wall -c -fmessage-length=0 -o Controller.o "..\\Controller.c" 
gcc "-LC:\\Users\\pocho\\Desktop\\TRABAJOS_UTN\\tp_laboratorio_1\\utn-tp3\\tp3_windows" -o pruebaTp3.exe Controller.o Employee.o main.o parser.o utn.o validation.o -lLinkedList 
03:28:07 **** Incremental Build of configuration Debug for project pruebaTp3 ****
Info: Internal Builder is used for build
gcc -O0 -g3 -Wall -c -fmessage-length=0 -o main.o "..\\main.c" 
gcc "-LC:\\Users\\pocho\\Desktop\\TRABAJOS_UTN\\tp_laboratorio_1\\utn-tp3\\tp3_windows" -o pruebaTp3.exe Controller.o Employee.o main.o parser.o utn.o validation.o -lLinkedList 
c:/mingw/bin/../lib/gcc/mingw32/9.2.0/../../../../mingw32/bin/ld.exe: cannot open output file pruebaTp3.exe: Permission denied
collect2.exe: error: ld returned 1 exit status
03:28:11 **** Incremental Build of configuration Debug for project pruebaTp3 ****
Info: Internal Builder is used for build
gcc "-LC:\\Users\\pocho\\Desktop\\TRABAJOS_UTN\\tp_laboratorio_1\\utn-tp3\\tp3_windows" -o pruebaTp3.exe Controller.o Employee.o main.o parser.o utn.o validation.o -lLinkedList 
Info: Nothing to build for pruebaTp3
03:29:32 **** Incremental Build of configuration Debug for project pruebaTp3 ****
Info: Internal Builder is used for build
gcc -O0 -g3 -Wall -c -fmessage-length=0 -o main.o "..\\main.c" 
gcc "-LC:\\Users\\pocho\\Desktop\\TRABAJOS_UTN\\tp_laboratorio_1\\utn-tp3\\tp3_windows" -o pruebaTp3.exe Controller.o Employee.o main.o parser.o utn.o validation.o -lLinkedList 
Info: Nothing to build for pruebaTp3
03:30:01 **** Incremental Build of configuration Debug for project pruebaTp3 ****
Info: Internal Builder is used for build
gcc -O0 -g3 -Wall -c -fmessage-length=0 -o Controller.o "..\\Controller.c" 
gcc "-LC:\\Users\\pocho\\Desktop\\TRABAJOS_UTN\\tp_laboratorio_1\\utn-tp3\\tp3_windows" -o pruebaTp3.exe Controller.o Employee.o main.o parser.o utn.o validation.o -lLinkedList 
03:31:58 **** Incremental Build of configuration Debug for project pruebaTp3 ****
Info: Internal Builder is used for build
gcc -O0 -g3 -Wall -c -fmessage-length=0 -o Controller.o "..\\Controller.c" 
gcc "-LC:\\Users\\pocho\\Desktop\\TRABAJOS_UTN\\tp_laboratorio_1\\utn-tp3\\tp3_windows" -o pruebaTp3.exe Controller.o Employee.o main.o parser.o utn.o validation.o -lLinkedList 
03:34:39 **** Incremental Build of configuration Debug for project pruebaTp3 ****
Info: Internal Builder is used for build
gcc -O0 -g3 -Wall -c -fmessage-length=0 -o Controller.o "..\\Controller.c" 
gcc -O0 -g3 -Wall -c -fmessage-length=0 -o main.o "..\\main.c" 
gcc -O0 -g3 -Wall -c -fmessage-length=0 -o Employee.o "..\\Employee.c" 
gcc "-LC:\\Users\\pocho\\Desktop\\TRABAJOS_UTN\\tp_laboratorio_1\\utn-tp3\\tp3_windows" -o pruebaTp3.exe Controller.o Employee.o main.o parser.o utn.o validation.o -lLinkedList 
03:37:36 **** Incremental Build of configuration Debug for project pruebaTp3 ****
Info: Internal Builder is used for build
gcc -O0 -g3 -Wall -c -fmessage-length=0 -o Employee.o "..\\Employee.c" 
gcc "-LC:\\Users\\pocho\\Desktop\\TRABAJOS_UTN\\tp_laboratorio_1\\utn-tp3\\tp3_windows" -o pruebaTp3.exe Controller.o Employee.o main.o parser.o utn.o validation.o -lLinkedList 
03:39:10 **** Incremental Build of configuration Debug for project pruebaTp3 ****
Info: Internal Builder is used for build
gcc -O0 -g3 -Wall -c -fmessage-length=0 -o Employee.o "..\\Employee.c" 
gcc "-LC:\\Users\\pocho\\Desktop\\TRABAJOS_UTN\\tp_laboratorio_1\\utn-tp3\\tp3_windows" -o pruebaTp3.exe Controller.o Employee.o main.o parser.o utn.o validation.o -lLinkedList 
03:40:24 **** Incremental Build of configuration Debug for project pruebaTp3 ****
Info: Internal Builder is used for build
gcc -O0 -g3 -Wall -c -fmessage-length=0 -o Employee.o "..\\Employee.c" 
gcc "-LC:\\Users\\pocho\\Desktop\\TRABAJOS_UTN\\tp_laboratorio_1\\utn-tp3\\tp3_windows" -o pruebaTp3.exe Controller.o Employee.o main.o parser.o utn.o validation.o -lLinkedList 
c:/mingw/bin/../lib/gcc/mingw32/9.2.0/../../../../mingw32/bin/ld.exe: cannot open output file pruebaTp3.exe: Permission denied
collect2.exe: error: ld returned 1 exit status
03:40:27 **** Incremental Build of configuration Debug for project pruebaTp3 ****
Info: Internal Builder is used for build
gcc "-LC:\\Users\\pocho\\Desktop\\TRABAJOS_UTN\\tp_laboratorio_1\\utn-tp3\\tp3_windows" -o pruebaTp3.exe Controller.o Employee.o main.o parser.o utn.o validation.o -lLinkedList 
03:49:42 **** Incremental Build of configuration Debug for project pruebaTp3 ****
Info: Internal Builder is used for build
gcc -O0 -g3 -Wall -c -fmessage-length=0 -o utn.o "..\\utn.c" 
gcc -O0 -g3 -Wall -c -fmessage-length=0 -o Employee.o "..\\Employee.c" 
gcc -O0 -g3 -Wall -c -fmessage-length=0 -o Controller.o "..\\Controller.c" 
..\Controller.c: In function 'controller_removeEmployee':
..\Controller.c:151:7: warning: unused variable 'answer' [-Wunused-variable]
  151 |  char answer[10];
      |       ^~~~~~
gcc -O0 -g3 -Wall -c -fmessage-length=0 -o main.o "..\\main.c" 
gcc "-LC:\\Users\\pocho\\Desktop\\TRABAJOS_UTN\\tp_laboratorio_1\\utn-tp3\\tp3_windows" -o pruebaTp3.exe Controller.o Employee.o main.o parser.o utn.o validation.o -lLinkedList 
03:49:49 **** Incremental Build of configuration Debug for project pruebaTp3 ****
Info: Internal Builder is used for build
gcc -O0 -g3 -Wall -c -fmessage-length=0 -o Controller.o "..\\Controller.c" 
gcc "-LC:\\Users\\pocho\\Desktop\\TRABAJOS_UTN\\tp_laboratorio_1\\utn-tp3\\tp3_windows" -o pruebaTp3.exe Controller.o Employee.o main.o parser.o utn.o validation.o -lLinkedList 
03:54:16 **** Incremental Build of configuration Debug for project pruebaTp3 ****
Info: Internal Builder is used for build
gcc -O0 -g3 -Wall -c -fmessage-length=0 -o Employee.o "..\\Employee.c" 
..\Employee.c: In function 'employee_modify':
..\Employee.c:103:7: warning: unused variable 'answer' [-Wunused-variable]
  103 |  char answer[10];
      |       ^~~~~~
gcc -O0 -g3 -Wall -c -fmessage-length=0 -o Controller.o "..\\Controller.c" 
gcc "-LC:\\Users\\pocho\\Desktop\\TRABAJOS_UTN\\tp_laboratorio_1\\utn-tp3\\tp3_windows" -o pruebaTp3.exe Controller.o Employee.o main.o parser.o utn.o validation.o -lLinkedList 
03:54:23 **** Incremental Build of configuration Debug for project pruebaTp3 ****
Info: Internal Builder is used for build
gcc -O0 -g3 -Wall -c -fmessage-length=0 -o Employee.o "..\\Employee.c" 
gcc "-LC:\\Users\\pocho\\Desktop\\TRABAJOS_UTN\\tp_laboratorio_1\\utn-tp3\\tp3_windows" -o pruebaTp3.exe Controller.o Employee.o main.o parser.o utn.o validation.o -lLinkedList 
Info: Nothing to build for pruebaTp3
03:55:38 **** Incremental Build of configuration Debug for project pruebaTp3 ****
Info: Internal Builder is used for build
gcc -O0 -g3 -Wall -c -fmessage-length=0 -o Controller.o "..\\Controller.c" 
gcc "-LC:\\Users\\pocho\\Desktop\\TRABAJOS_UTN\\tp_laboratorio_1\\utn-tp3\\tp3_windows" -o pruebaTp3.exe Controller.o Employee.o main.o parser.o utn.o validation.o -lLinkedList 
c:/mingw/bin/../lib/gcc/mingw32/9.2.0/../../../../mingw32/bin/ld.exe: cannot open output file pruebaTp3.exe: Permission denied
collect2.exe: error: ld returned 1 exit status
03:55:40 **** Incremental Build of configuration Debug for project pruebaTp3 ****
Info: Internal Builder is used for build
gcc "-LC:\\Users\\pocho\\Desktop\\TRABAJOS_UTN\\tp_laboratorio_1\\utn-tp3\\tp3_windows" -o pruebaTp3.exe Controller.o Employee.o main.o parser.o utn.o validation.o -lLinkedList 
Info: Nothing to build for pruebaTp3
03:57:14 **** Incremental Build of configuration Debug for project pruebaTp3 ****
Info: Internal Builder is used for build
gcc -O0 -g3 -Wall -c -fmessage-length=0 -o Controller.o "..\\Controller.c" 
gcc "-LC:\\Users\\pocho\\Desktop\\TRABAJOS_UTN\\tp_laboratorio_1\\utn-tp3\\tp3_windows" -o pruebaTp3.exe Controller.o Employee.o main.o parser.o utn.o validation.o -lLinkedList 
Info: Nothing to build for pruebaTp3
Info: Nothing to build for pruebaTp3
03:57:55 **** Incremental Build of configuration Debug for project pruebaTp3 ****
Info: Internal Builder is used for build
gcc -O0 -g3 -Wall -c -fmessage-length=0 -o Controller.o "..\\Controller.c" 
gcc "-LC:\\Users\\pocho\\Desktop\\TRABAJOS_UTN\\tp_laboratorio_1\\utn-tp3\\tp3_windows" -o pruebaTp3.exe Controller.o Employee.o main.o parser.o utn.o validation.o -lLinkedList 
Info: Nothing to build for pruebaTp3
03:59:31 **** Incremental Build of configuration Debug for project pruebaTp3 ****
Info: Internal Builder is used for build
gcc -O0 -g3 -Wall -c -fmessage-length=0 -o Controller.o "..\\Controller.c" 
gcc "-LC:\\Users\\pocho\\Desktop\\TRABAJOS_UTN\\tp_laboratorio_1\\utn-tp3\\tp3_windows" -o pruebaTp3.exe Controller.o Employee.o main.o parser.o utn.o validation.o -lLinkedList 
Info: Nothing to build for pruebaTp3
04:00:20 **** Incremental Build of configuration Debug for project pruebaTp3 ****
Info: Internal Builder is used for build
gcc -O0 -g3 -Wall -c -fmessage-length=0 -o Controller.o "..\\Controller.c" 
gcc "-LC:\\Users\\pocho\\Desktop\\TRABAJOS_UTN\\tp_laboratorio_1\\utn-tp3\\tp3_windows" -o pruebaTp3.exe Controller.o Employee.o main.o parser.o utn.o validation.o -lLinkedList 
c:/mingw/bin/../lib/gcc/mingw32/9.2.0/../../../../mingw32/bin/ld.exe: cannot open output file pruebaTp3.exe: Permission denied
collect2.exe: error: ld returned 1 exit status
04:00:22 **** Incremental Build of configuration Debug for project pruebaTp3 ****
Info: Internal Builder is used for build
gcc "-LC:\\Users\\pocho\\Desktop\\TRABAJOS_UTN\\tp_laboratorio_1\\utn-tp3\\tp3_windows" -o pruebaTp3.exe Controller.o Employee.o main.o parser.o utn.o validation.o -lLinkedList 
Info: Nothing to build for pruebaTp3
Info: Nothing to build for pruebaTp3
Info: Nothing to build for pruebaTp3
04:02:11 **** Incremental Build of configuration Debug for project pruebaTp3 ****
Info: Internal Builder is used for build
gcc -O0 -g3 -Wall -c -fmessage-length=0 -o Controller.o "..\\Controller.c" 
gcc "-LC:\\Users\\pocho\\Desktop\\TRABAJOS_UTN\\tp_laboratorio_1\\utn-tp3\\tp3_windows" -o pruebaTp3.exe Controller.o Employee.o main.o parser.o utn.o validation.o -lLinkedList 
c:/mingw/bin/../lib/gcc/mingw32/9.2.0/../../../../mingw32/bin/ld.exe: cannot open output file pruebaTp3.exe: Permission denied
collect2.exe: error: ld returned 1 exit status
04:02:13 **** Incremental Build of configuration Debug for project pruebaTp3 ****
Info: Internal Builder is used for build
gcc "-LC:\\Users\\pocho\\Desktop\\TRABAJOS_UTN\\tp_laboratorio_1\\utn-tp3\\tp3_windows" -o pruebaTp3.exe Controller.o Employee.o main.o parser.o utn.o validation.o -lLinkedList 
Info: Nothing to build for pruebaTp3
04:03:00 **** Incremental Build of configuration Debug for project pruebaTp3 ****
Info: Internal Builder is used for build
gcc -O0 -g3 -Wall -c -fmessage-length=0 -o Controller.o "..\\Controller.c" 
gcc "-LC:\\Users\\pocho\\Desktop\\TRABAJOS_UTN\\tp_laboratorio_1\\utn-tp3\\tp3_windows" -o pruebaTp3.exe Controller.o Employee.o main.o parser.o utn.o validation.o -lLinkedList 
04:03:35 **** Incremental Build of configuration Debug for project pruebaTp3 ****
Info: Internal Builder is used for build
gcc -O0 -g3 -Wall -c -fmessage-length=0 -o Controller.o "..\\Controller.c" 
gcc "-LC:\\Users\\pocho\\Desktop\\TRABAJOS_UTN\\tp_laboratorio_1\\utn-tp3\\tp3_windows" -o pruebaTp3.exe Controller.o Employee.o main.o parser.o utn.o validation.o -lLinkedList 
c:/mingw/bin/../lib/gcc/mingw32/9.2.0/../../../../mingw32/bin/ld.exe: cannot open output file pruebaTp3.exe: Permission denied
collect2.exe: error: ld returned 1 exit status
04:03:40 **** Incremental Build of configuration Debug for project pruebaTp3 ****
Info: Internal Builder is used for build
gcc "-LC:\\Users\\pocho\\Desktop\\TRABAJOS_UTN\\tp_laboratorio_1\\utn-tp3\\tp3_windows" -o pruebaTp3.exe Controller.o Employee.o main.o parser.o utn.o validation.o -lLinkedList 
04:13:10 **** Incremental Build of configuration Debug for project pruebaTp3 ****
Info: Internal Builder is used for build
gcc -O0 -g3 -Wall -c -fmessage-length=0 -o Controller.o "..\\Controller.c" 
gcc -O0 -g3 -Wall -c -fmessage-length=0 -o Employee.o "..\\Employee.c" 
gcc "-LC:\\Users\\pocho\\Desktop\\TRABAJOS_UTN\\tp_laboratorio_1\\utn-tp3\\tp3_windows" -o pruebaTp3.exe Controller.o Employee.o main.o parser.o utn.o validation.o -lLinkedList 
Info: Nothing to build for pruebaTp3
Info: Nothing to build for pruebaTp3
04:16:43 **** Incremental Build of configuration Debug for project pruebaTp3 ****
Info: Internal Builder is used for build
gcc -O0 -g3 -Wall -c -fmessage-length=0 -o Controller.o "..\\Controller.c" 
gcc "-LC:\\Users\\pocho\\Desktop\\TRABAJOS_UTN\\tp_laboratorio_1\\utn-tp3\\tp3_windows" -o pruebaTp3.exe Controller.o Employee.o main.o parser.o utn.o validation.o -lLinkedList 
c:/mingw/bin/../lib/gcc/mingw32/9.2.0/../../../../mingw32/bin/ld.exe: cannot open output file pruebaTp3.exe: Permission denied
collect2.exe: error: ld returned 1 exit status
04:16:45 **** Incremental Build of configuration Debug for project pruebaTp3 ****
Info: Internal Builder is used for build
gcc "-LC:\\Users\\pocho\\Desktop\\TRABAJOS_UTN\\tp_laboratorio_1\\utn-tp3\\tp3_windows" -o pruebaTp3.exe Controller.o Employee.o main.o parser.o utn.o validation.o -lLinkedList 
Info: Nothing to build for pruebaTp3
04:18:12 **** Incremental Build of configuration Debug for project pruebaTp3 ****
Info: Internal Builder is used for build
gcc -O0 -g3 -Wall -c -fmessage-length=0 -o Controller.o "..\\Controller.c" 
gcc "-LC:\\Users\\pocho\\Desktop\\TRABAJOS_UTN\\tp_laboratorio_1\\utn-tp3\\tp3_windows" -o pruebaTp3.exe Controller.o Employee.o main.o parser.o utn.o validation.o -lLinkedList 
c:/mingw/bin/../lib/gcc/mingw32/9.2.0/../../../../mingw32/bin/ld.exe: cannot open output file pruebaTp3.exe: Permission denied
collect2.exe: error: ld returned 1 exit status
04:18:14 **** Incremental Build of configuration Debug for project pruebaTp3 ****
Info: Internal Builder is used for build
gcc "-LC:\\Users\\pocho\\Desktop\\TRABAJOS_UTN\\tp_laboratorio_1\\utn-tp3\\tp3_windows" -o pruebaTp3.exe Controller.o Employee.o main.o parser.o utn.o validation.o -lLinkedList 
Info: Nothing to build for pruebaTp3
Info: Nothing to build for pruebaTp3
Info: Nothing to build for pruebaTp3
04:21:27 **** Incremental Build of configuration Debug for project pruebaTp3 ****
Info: Internal Builder is used for build
gcc -O0 -g3 -Wall -c -fmessage-length=0 -o Controller.o "..\\Controller.c" 
gcc "-LC:\\Users\\pocho\\Desktop\\TRABAJOS_UTN\\tp_laboratorio_1\\utn-tp3\\tp3_windows" -o pruebaTp3.exe Controller.o Employee.o main.o parser.o utn.o validation.o -lLinkedList 
Info: Nothing to build for pruebaTp3
04:23:27 **** Incremental Build of configuration Debug for project pruebaTp3 ****
Info: Internal Builder is used for build
gcc -O0 -g3 -Wall -c -fmessage-length=0 -o Controller.o "..\\Controller.c" 
gcc "-LC:\\Users\\pocho\\Desktop\\TRABAJOS_UTN\\tp_laboratorio_1\\utn-tp3\\tp3_windows" -o pruebaTp3.exe Controller.o Employee.o main.o parser.o utn.o validation.o -lLinkedList 
Info: Nothing to build for pruebaTp3
04:23:51 **** Incremental Build of configuration Debug for project pruebaTp3 ****
Info: Internal Builder is used for build
gcc -O0 -g3 -Wall -c -fmessage-length=0 -o Controller.o "..\\Controller.c" 
gcc "-LC:\\Users\\pocho\\Desktop\\TRABAJOS_UTN\\tp_laboratorio_1\\utn-tp3\\tp3_windows" -o pruebaTp3.exe Controller.o Employee.o main.o parser.o utn.o validation.o -lLinkedList 
c:/mingw/bin/../lib/gcc/mingw32/9.2.0/../../../../mingw32/bin/ld.exe: cannot open output file pruebaTp3.exe: Permission denied
collect2.exe: error: ld returned 1 exit status
04:23:53 **** Incremental Build of configuration Debug for project pruebaTp3 ****
Info: Internal Builder is used for build
gcc "-LC:\\Users\\pocho\\Desktop\\TRABAJOS_UTN\\tp_laboratorio_1\\utn-tp3\\tp3_windows" -o pruebaTp3.exe Controller.o Employee.o main.o parser.o utn.o validation.o -lLinkedList 
Info: Nothing to build for pruebaTp3
Info: Nothing to build for pruebaTp3
Info: Nothing to build for pruebaTp3
Info: Nothing to build for pruebaTp3
04:26:55 **** Incremental Build of configuration Debug for project pruebaTp3 ****
Info: Internal Builder is used for build
gcc -O0 -g3 -Wall -c -fmessage-length=0 -o Controller.o "..\\Controller.c" 
gcc "-LC:\\Users\\pocho\\Desktop\\TRABAJOS_UTN\\tp_laboratorio_1\\utn-tp3\\tp3_windows" -o pruebaTp3.exe Controller.o Employee.o main.o parser.o utn.o validation.o -lLinkedList 
Info: Nothing to build for pruebaTp3
04:31:06 **** Incremental Build of configuration Debug for project pruebaTp3 ****
Info: Internal Builder is used for build
gcc -O0 -g3 -Wall -c -fmessage-length=0 -o Controller.o "..\\Controller.c" 
gcc "-LC:\\Users\\pocho\\Desktop\\TRABAJOS_UTN\\tp_laboratorio_1\\utn-tp3\\tp3_windows" -o pruebaTp3.exe Controller.o Employee.o main.o parser.o utn.o validation.o -lLinkedList 
c:/mingw/bin/../lib/gcc/mingw32/9.2.0/../../../../mingw32/bin/ld.exe: cannot open output file pruebaTp3.exe: Permission denied
collect2.exe: error: ld returned 1 exit status
04:31:08 **** Incremental Build of configuration Debug for project pruebaTp3 ****
Info: Internal Builder is used for build
gcc "-LC:\\Users\\pocho\\Desktop\\TRABAJOS_UTN\\tp_laboratorio_1\\utn-tp3\\tp3_windows" -o pruebaTp3.exe Controller.o Employee.o main.o parser.o utn.o validation.o -lLinkedList 
Info: Nothing to build for pruebaTp3
04:33:50 **** Incremental Build of configuration Debug for project pruebaTp3 ****
Info: Internal Builder is used for build
gcc -O0 -g3 -Wall -c -fmessage-length=0 -o Controller.o "..\\Controller.c" 
gcc "-LC:\\Users\\pocho\\Desktop\\TRABAJOS_UTN\\tp_laboratorio_1\\utn-tp3\\tp3_windows" -o pruebaTp3.exe Controller.o Employee.o main.o parser.o utn.o validation.o -lLinkedList 
c:/mingw/bin/../lib/gcc/mingw32/9.2.0/../../../../mingw32/bin/ld.exe: cannot open output file pruebaTp3.exe: Permission denied
collect2.exe: error: ld returned 1 exit status
04:33:53 **** Incremental Build of configuration Debug for project pruebaTp3 ****
Info: Internal Builder is used for build
gcc "-LC:\\Users\\pocho\\Desktop\\TRABAJOS_UTN\\tp_laboratorio_1\\utn-tp3\\tp3_windows" -o pruebaTp3.exe Controller.o Employee.o main.o parser.o utn.o validation.o -lLinkedList 
Info: Nothing to build for pruebaTp3
04:37:10 **** Incremental Build of configuration Debug for project pruebaTp3 ****
Info: Internal Builder is used for build
gcc -O0 -g3 -Wall -c -fmessage-length=0 -o Controller.o "..\\Controller.c" 
gcc "-LC:\\Users\\pocho\\Desktop\\TRABAJOS_UTN\\tp_laboratorio_1\\utn-tp3\\tp3_windows" -o pruebaTp3.exe Controller.o Employee.o main.o parser.o utn.o validation.o -lLinkedList 
c:/mingw/bin/../lib/gcc/mingw32/9.2.0/../../../../mingw32/bin/ld.exe: cannot open output file pruebaTp3.exe: Permission denied
collect2.exe: error: ld returned 1 exit status
04:37:11 **** Incremental Build of configuration Debug for project pruebaTp3 ****
Info: Internal Builder is used for build
gcc "-LC:\\Users\\pocho\\Desktop\\TRABAJOS_UTN\\tp_laboratorio_1\\utn-tp3\\tp3_windows" -o pruebaTp3.exe Controller.o Employee.o main.o parser.o utn.o validation.o -lLinkedList 
Info: Nothing to build for pruebaTp3
04:38:22 **** Incremental Build of configuration Debug for project pruebaTp3 ****
Info: Internal Builder is used for build
gcc -O0 -g3 -Wall -c -fmessage-length=0 -o Controller.o "..\\Controller.c" 
gcc "-LC:\\Users\\pocho\\Desktop\\TRABAJOS_UTN\\tp_laboratorio_1\\utn-tp3\\tp3_windows" -o pruebaTp3.exe Controller.o Employee.o main.o parser.o utn.o validation.o -lLinkedList 
Info: Nothing to build for pruebaTp3
04:39:52 **** Incremental Build of configuration Debug for project pruebaTp3 ****
Info: Internal Builder is used for build
gcc -O0 -g3 -Wall -c -fmessage-length=0 -o Controller.o "..\\Controller.c" 
gcc "-LC:\\Users\\pocho\\Desktop\\TRABAJOS_UTN\\tp_laboratorio_1\\utn-tp3\\tp3_windows" -o pruebaTp3.exe Controller.o Employee.o main.o parser.o utn.o validation.o -lLinkedList 
Info: Nothing to build for pruebaTp3
04:44:13 **** Incremental Build of configuration Debug for project pruebaTp3 ****
Info: Internal Builder is used for build
gcc -O0 -g3 -Wall -c -fmessage-length=0 -o Controller.o "..\\Controller.c" 
gcc "-LC:\\Users\\pocho\\Desktop\\TRABAJOS_UTN\\tp_laboratorio_1\\utn-tp3\\tp3_windows" -o pruebaTp3.exe Controller.o Employee.o main.o parser.o utn.o validation.o -lLinkedList 
Info: Nothing to build for pruebaTp3
04:45:55 **** Incremental Build of configuration Debug for project pruebaTp3 ****
Info: Internal Builder is used for build
gcc -O0 -g3 -Wall -c -fmessage-length=0 -o Controller.o "..\\Controller.c" 
gcc "-LC:\\Users\\pocho\\Desktop\\TRABAJOS_UTN\\tp_laboratorio_1\\utn-tp3\\tp3_windows" -o pruebaTp3.exe Controller.o Employee.o main.o parser.o utn.o validation.o -lLinkedList 
Info: Nothing to build for pruebaTp3
